18:46:56.028 [main] INFO  org.testng.internal.Utils - [TestNG] Time taken by org.testng.reporters.JUnitReportReporter@c6a6c1d: 6 ms
18:46:56.035 [main] INFO  org.testng.internal.Utils - [TestNG] Time taken by org.testng.internal.ExitCodeListener@66bacdbc: 0 ms
19:06:15.293 [main] DEBUG org.testng.TestNG - suiteXmlPath: "D:\MyAutomationWorkspace\OpencartV121\master.xml"
19:06:15.795 [main] INFO  org.testng.internal.Utils - [TestNG] Running:
  D:\MyAutomationWorkspace\OpencartV121\master.xml

19:06:23.002 [main] INFO  testCases.TC001_AccountRegistrationTest - ****** Starting TC001_AccountRegistrationTest ******
19:06:23.171 [main] INFO  testCases.TC001_AccountRegistrationTest - Clicked on MyAccount Link.. 
19:06:23.964 [main] INFO  testCases.TC001_AccountRegistrationTest - Clicked on Register Link.. 
19:06:23.971 [main] INFO  testCases.TC001_AccountRegistrationTest - Providing customer details... 
19:06:26.003 [main] INFO  testCases.TC001_AccountRegistrationTest - Validating expected message..
19:06:26.055 [main] INFO  testCases.TC001_AccountRegistrationTest - ***** Finished TC001_AccountRegistrationTest ******
19:06:56.807 [main] DEBUG org.testng.TestNG - suiteXmlPath: "D:\MyAutomationWorkspace\OpencartV121\master.xml"
19:06:57.315 [main] INFO  org.testng.internal.Utils - [TestNG] Running:
  D:\MyAutomationWorkspace\OpencartV121\master.xml

19:07:18.107 [main] INFO  testCases.TC001_AccountRegistrationTest - ****** Starting TC001_AccountRegistrationTest ******
19:07:18.455 [main] INFO  testCases.TC001_AccountRegistrationTest - Clicked on MyAccount Link.. 
19:07:19.392 [main] INFO  testCases.TC001_AccountRegistrationTest - Clicked on Register Link.. 
19:07:19.403 [main] INFO  testCases.TC001_AccountRegistrationTest - Providing customer details... 
19:07:21.214 [main] INFO  testCases.TC001_AccountRegistrationTest - Validating expected message..
19:07:21.260 [main] INFO  testCases.TC001_AccountRegistrationTest - ***** Finished TC001_AccountRegistrationTest ******
19:07:48.751 [main] DEBUG org.testng.TestNG - suiteXmlPath: "D:\MyAutomationWorkspace\OpencartV121\master.xml"
19:07:49.267 [main] INFO  org.testng.internal.Utils - [TestNG] Running:
  D:\MyAutomationWorkspace\OpencartV121\master.xml

19:07:55.906 [main] INFO  testCases.TC001_AccountRegistrationTest - ****** Starting TC001_AccountRegistrationTest ******
19:07:56.166 [main] INFO  testCases.TC001_AccountRegistrationTest - Clicked on MyAccount Link.. 
19:08:14.317 [main] INFO  testCases.TC001_AccountRegistrationTest - Clicked on Register Link.. 
19:08:14.320 [main] INFO  testCases.TC001_AccountRegistrationTest - Providing customer details... 
19:08:16.290 [main] INFO  testCases.TC001_AccountRegistrationTest - Validating expected message..
19:08:16.342 [main] INFO  testCases.TC001_AccountRegistrationTest - ***** Finished TC001_AccountRegistrationTest ******
19:12:36.457 [main] DEBUG org.testng.TestNG - suiteXmlPath: "D:\MyAutomationWorkspace\OpencartV121\crossbrowsertesting.xml"
19:12:37.004 [main] INFO  org.testng.internal.Utils - [TestNG] Running:
  D:\MyAutomationWorkspace\OpencartV121\crossbrowsertesting.xml

19:12:45.525 [main] INFO  testCases.TC001_AccountRegistrationTest - ****** Starting TC001_AccountRegistrationTest ******
19:12:45.677 [main] INFO  testCases.TC001_AccountRegistrationTest - Clicked on MyAccount Link.. 
19:12:46.369 [main] INFO  testCases.TC001_AccountRegistrationTest - Clicked on Register Link.. 
19:12:46.372 [main] INFO  testCases.TC001_AccountRegistrationTest - Providing customer details... 
19:12:48.335 [main] INFO  testCases.TC001_AccountRegistrationTest - Validating expected message..
19:12:48.388 [main] INFO  testCases.TC001_AccountRegistrationTest - ***** Finished TC001_AccountRegistrationTest ******
19:12:57.618 [main] INFO  testCases.TC001_AccountRegistrationTest - ****** Starting TC001_AccountRegistrationTest ******
19:12:57.822 [main] INFO  testCases.TC001_AccountRegistrationTest - Clicked on MyAccount Link.. 
19:12:58.926 [main] INFO  testCases.TC001_AccountRegistrationTest - Clicked on Register Link.. 
19:12:58.934 [main] INFO  testCases.TC001_AccountRegistrationTest - Providing customer details... 
19:13:00.766 [main] INFO  testCases.TC001_AccountRegistrationTest - Validating expected message..
19:13:00.818 [main] INFO  testCases.TC001_AccountRegistrationTest - ***** Finished TC001_AccountRegistrationTest ******
19:13:11.998 [main] INFO  testCases.TC001_AccountRegistrationTest - ****** Starting TC001_AccountRegistrationTest ******
19:13:12.784 [main] INFO  testCases.TC001_AccountRegistrationTest - Clicked on MyAccount Link.. 
19:13:14.492 [main] INFO  testCases.TC001_AccountRegistrationTest - Clicked on Register Link.. 
19:13:14.493 [main] INFO  testCases.TC001_AccountRegistrationTest - Providing customer details... 
19:13:16.937 [main] INFO  testCases.TC001_AccountRegistrationTest - Validating expected message..
19:13:16.977 [main] INFO  testCases.TC001_AccountRegistrationTest - ***** Finished TC001_AccountRegistrationTest ******
